<?xml version="1.0" encoding="UTF-8"?>
<coverage generated="1679570568938" clover="3.2.0">
  <project timestamp="1679570568938" name="All files">
    <metrics statements="7" coveredstatements="7" conditionals="6" coveredconditionals="6" methods="4" coveredmethods="4" elements="17" coveredelements="17" complexity="0" loc="7" ncloc="7" packages="1" files="3" classes="3"/>
    <file name="CloneArray.js" path="D:\SCHOOL\Jaar 1\sem1\pgm3\Swagger  Jest Demo\swagger-jest-demo-start\src\utils\CloneArray.js">
      <metrics statements="2" coveredstatements="2" conditionals="0" coveredconditionals="0" methods="1" coveredmethods="1"/>
      <line num="1" count="1" type="stmt"/>
      <line num="2" count="1" type="stmt"/>
    </file>
    <file name="CompactArray.js" path="D:\SCHOOL\Jaar 1\sem1\pgm3\Swagger  Jest Demo\swagger-jest-demo-start\src\utils\CompactArray.js">
      <metrics statements="3" coveredstatements="3" conditionals="6" coveredconditionals="6" methods="2" coveredmethods="2"/>
      <line num="6" count="1" type="stmt"/>
      <line num="7" count="1" type="stmt"/>
      <line num="9" count="14" type="cond" truecount="6" falsecount="0"/>
    </file>
    <file name="Sum.js" path="D:\SCHOOL\Jaar 1\sem1\pgm3\Swagger  Jest Demo\swagger-jest-demo-start\src\utils\Sum.js">
      <metrics statements="2" coveredstatements="2" conditionals="0" coveredconditionals="0" methods="1" coveredmethods="1"/>
      <line num="1" count="1" type="stmt"/>
      <line num="2" count="1" type="stmt"/>
    </file>
  </project>
</coverage>
