{"D:\\SCHOOL\\Jaar 1\\sem1\\pgm3\\Swagger  Jest Demo\\swagger-jest-demo-start\\src\\utils\\CloneArray.js": {"path":"D:\\SCHOOL\\Jaar 1\\sem1\\pgm3\\Swagger  Jest Demo\\swagger-jest-demo-start\\src\\utils\\CloneArray.js","statementMap":{"0":{"start":{"line":1,"column":26},"end":{"line":3,"column":1}},"1":{"start":{"line":2,"column":2},"end":{"line":2,"column":20}}},"fnMap":{"0":{"name":"(anonymous_0)","decl":{"start":{"line":1,"column":26},"end":{"line":1,"column":27}},"loc":{"start":{"line":1,"column":37},"end":{"line":3,"column":1}},"line":1}},"branchMap":{},"s":{"0":1,"1":1},"f":{"0":1},"b":{},"_coverageSchema":"1a1c01bbd47fc00a2c39e90264f33305004495a9","hash":"cb799fb5b48e8de1c8a6a93844414fb267351689"}
,"D:\\SCHOOL\\Jaar 1\\sem1\\pgm3\\Swagger  Jest Demo\\swagger-jest-demo-start\\src\\utils\\CompactArray.js": {"path":"D:\\SCHOOL\\Jaar 1\\sem1\\pgm3\\Swagger  Jest Demo\\swagger-jest-demo-start\\src\\utils\\CompactArray.js","statementMap":{"0":{"start":{"line":6,"column":28},"end":{"line":16,"column":1}},"1":{"start":{"line":7,"column":2},"end":{"line":15,"column":4}},"2":{"start":{"line":9,"column":6},"end":{"line":14,"column":19}}},"fnMap":{"0":{"name":"(anonymous_0)","decl":{"start":{"line":6,"column":28},"end":{"line":6,"column":29}},"loc":{"start":{"line":6,"column":39},"end":{"line":16,"column":1}},"line":6},"1":{"name":"(anonymous_1)","decl":{"start":{"line":8,"column":4},"end":{"line":8,"column":5}},"loc":{"start":{"line":9,"column":6},"end":{"line":14,"column":19}},"line":9}},"branchMap":{"0":{"loc":{"start":{"line":9,"column":6},"end":{"line":14,"column":19}},"type":"binary-expr","locations":[{"start":{"line":9,"column":6},"end":{"line":9,"column":20}},{"start":{"line":10,"column":6},"end":{"line":10,"column":25}},{"start":{"line":11,"column":6},"end":{"line":11,"column":21}},{"start":{"line":12,"column":6},"end":{"line":12,"column":17}},{"start":{"line":13,"column":6},"end":{"line":13,"column":18}},{"start":{"line":14,"column":6},"end":{"line":14,"column":19}}],"line":9}},"s":{"0":1,"1":1,"2":14},"f":{"0":1,"1":14},"b":{"0":[14,13,12,11,10,8]},"_coverageSchema":"1a1c01bbd47fc00a2c39e90264f33305004495a9","hash":"615122285f0ce39cc27354759a6933e587d4be72"}
,"D:\\SCHOOL\\Jaar 1\\sem1\\pgm3\\Swagger  Jest Demo\\swagger-jest-demo-start\\src\\utils\\Sum.js": {"path":"D:\\SCHOOL\\Jaar 1\\sem1\\pgm3\\Swagger  Jest Demo\\swagger-jest-demo-start\\src\\utils\\Sum.js","statementMap":{"0":{"start":{"line":1,"column":19},"end":{"line":3,"column":1}},"1":{"start":{"line":2,"column":2},"end":{"line":2,"column":15}}},"fnMap":{"0":{"name":"(anonymous_0)","decl":{"start":{"line":1,"column":19},"end":{"line":1,"column":20}},"loc":{"start":{"line":1,"column":29},"end":{"line":3,"column":1}},"line":1}},"branchMap":{},"s":{"0":1,"1":1},"f":{"0":1},"b":{},"_coverageSchema":"1a1c01bbd47fc00a2c39e90264f33305004495a9","hash":"7d58b9b7ae35a937a49889eb930077acc2984743"}
}
