TN:
SF:src\utils\CloneArray.js
FN:1,(anonymous_0)
FNF:1
FNH:1
FNDA:1,(anonymous_0)
DA:1,1
DA:2,1
LF:2
LH:2
BRF:0
BRH:0
end_of_record
TN:
SF:src\utils\CompactArray.js
FN:6,(anonymous_0)
FN:8,(anonymous_1)
FNF:2
FNH:2
FNDA:1,(anonymous_0)
FNDA:14,(anonymous_1)
DA:6,1
DA:7,1
DA:9,14
LF:3
LH:3
BRDA:9,0,0,14
BRDA:9,0,1,13
BRDA:9,0,2,12
BRDA:9,0,3,11
BRDA:9,0,4,10
BRDA:9,0,5,8
BRF:6
BRH:6
end_of_record
TN:
SF:src\utils\Sum.js
FN:1,(anonymous_0)
FNF:1
FNH:1
FNDA:1,(anonymous_0)
DA:1,1
DA:2,1
LF:2
LH:2
BRF:0
BRH:0
end_of_record
